<?xml version="1.0" encoding="UTF-8"?>
<testsuite name="PasswordIsValidTest" tests="1" skipped="0" failures="0" errors="0" timestamp="2020-01-30T10:02:20" hostname="ngwako-Inspiron-15-3567" time="0.02">
  <properties/>
  <testcase name="passwordIsOk()" classname="PasswordIsValidTest" time="0.02"/>
  <system-out><![CDATA[]]></system-out>
  <system-err><![CDATA[]]></system-err>
</testsuite>
